[LOG] System::create                           : Header version = 1.10.04. Current version = 1.10.04.
[LOG] SystemI::setOutputInternal               : Setting output to 'FMOD WASAPI Output'
[LOG] Manager::init                            : maxchannels = 1024 studioflags = 00000009 flags 00000000 extradriverdata 0000000000000000.
[LOG] SystemI::init                            : Initialize version=11004 (93853), maxchannels=1024, flags=0x00030000
[LOG] OutputWASAPI::init                       : Mix Format (WAVEFORMATEX): wFormatTag=0xFFFE, nChannels=2, nSamplesPerSec=48000, nAvgBytesPerSec=384000, nBlockAlign=8, wBitsPerSample=32, cbSize=22.
[LOG] OutputWASAPI::init                       : Mix Format (WAVEFORMATEXTENSIBLE): wValidBitsPerSample=32, dwChannelMask=0x00000003, SubFormat=00000003-0000-0010-8000-00AA00389B71.
[LOG] OutputWASAPI::init                       : Output buffer size: 4096 samples, latency: 0.00ms, period: 10.00ms, DSP buffer: 1024 * 4
[LOG] Thread::initThread                       : Init FMOD stream thread. Priority: 2, Stack Size: 65536, Semaphore: No, Sleep Time: 10, Looping: Yes.
[LOG] SystemI::DSPCodecPoolRegister            : register codec pool for pool type 5
[LOG] Thread::initThread                       : Init FMOD mixer thread. Priority: 3, Stack Size: 49152, Semaphore: No, Sleep Time: 0, Looping: Yes.
[LOG] AsyncManager::init                       : manager 000000006EB46D18 isAsync 1 updatePeriod 0.02
[LOG] Thread::initThread                       : Init FMOD Studio update thread. Priority: 0, Stack Size: 65536, Semaphore: No, Sleep Time: 1, Looping: No.
[LOG] AsyncManager::init                       : done
[LOG] PlaybackSystem::init                     : 
[LOG] Thread::initThread                       : Init FMOD Studio sample load thread. Priority: 0, Stack Size: 65536, Semaphore: No, Sleep Time: 1, Looping: No.
[LOG] PlaybackSystem::init                     : done
[LOG] LiveUpdate::init                         : 
[LOG] Thread::initThread                       : Init FMOD Studio bank load thread. Priority: 0, Stack Size: 65536, Semaphore: No, Sleep Time: 1, Looping: No.
[LOG] Manager::init                            : done.
[ERR] FMOD_OS_Net_Listen                       : bind failed 10048
[ERR] AsyncManager::asyncThreadLoop            : System::update returned error 43.
[ERR] FMOD_OS_Net_Listen                       : bind failed 10048
[ERR] AsyncManager::asyncThreadLoop            : System::update returned error 43.
[ERR] system_release                           : Failed to call stopRecordCommands during system release (Error code 43)
[ERR] system_release                           : Failed to call flushCommands during system release (Error code 43)
[LOG] Thread::callback                         : FMOD Studio update thread finished.
[LOG] Thread::callback                         : FMOD Studio bank load thread finished.
[LOG] Profile::disconnectAll                   : Profiler disconnecting all clients
[LOG] Thread::callback                         : FMOD Studio sample load thread finished.
[LOG] LiveUpdate::release                      : 
[LOG] LiveUpdate::reset                        : Reset connection (reason Disconnected)
[ERR] FMOD_OS_Net_Listen                       : bind failed 10048
[ERR] FMOD_OS_Net_Listen                       : bind failed 10048
[LOG] Thread::callback                         : FMOD stream thread finished.
[LOG] Thread::callback                         : FMOD mixer thread finished.
[LOG] Profile::disconnectAll                   : Profiler disconnecting all clients
[LOG] SystemI::close                           : Closed.
[LOG] System::create                           : Header version = 1.10.04. Current version = 1.10.04.
[LOG] SystemI::setOutputInternal               : Setting output to 'FMOD WASAPI Output'
[LOG] Manager::init                            : maxchannels = 1024 studioflags = 00000008 flags 00000000 extradriverdata 0000000000000000.
[LOG] SystemI::init                            : Initialize version=11004 (93853), maxchannels=1024, flags=0x00020000
[LOG] OutputWASAPI::init                       : Mix Format (WAVEFORMATEX): wFormatTag=0xFFFE, nChannels=2, nSamplesPerSec=48000, nAvgBytesPerSec=384000, nBlockAlign=8, wBitsPerSample=32, cbSize=22.
[LOG] OutputWASAPI::init                       : Mix Format (WAVEFORMATEXTENSIBLE): wValidBitsPerSample=32, dwChannelMask=0x00000003, SubFormat=00000003-0000-0010-8000-00AA00389B71.
[LOG] OutputWASAPI::init                       : Output buffer size: 4096 samples, latency: 0.00ms, period: 10.00ms, DSP buffer: 1024 * 4
[LOG] Thread::initThread                       : Init FMOD stream thread. Priority: 2, Stack Size: 65536, Semaphore: No, Sleep Time: 10, Looping: Yes.
[LOG] SystemI::DSPCodecPoolRegister            : register codec pool for pool type 5
[LOG] Thread::initThread                       : Init FMOD mixer thread. Priority: 3, Stack Size: 49152, Semaphore: No, Sleep Time: 0, Looping: Yes.
[LOG] AsyncManager::init                       : manager 000000006EB46D18 isAsync 1 updatePeriod 0.02
[LOG] Thread::initThread                       : Init FMOD Studio update thread. Priority: 0, Stack Size: 65536, Semaphore: No, Sleep Time: 1, Looping: No.
[LOG] AsyncManager::init                       : done
[LOG] PlaybackSystem::init                     : 
[LOG] Thread::initThread                       : Init FMOD Studio sample load thread. Priority: 0, Stack Size: 65536, Semaphore: No, Sleep Time: 1, Looping: No.
[LOG] PlaybackSystem::init                     : done
[LOG] Thread::initThread                       : Init FMOD Studio bank load thread. Priority: 0, Stack Size: 65536, Semaphore: No, Sleep Time: 1, Looping: No.
[LOG] Manager::init                            : done.
[LOG] Manager::readBank                        : fileversion = 100, compatVersion = 99 (oldest = 44, newest = 100)
[LOG] Manager::readBank                        : fileversion = 100, compatVersion = 99 (oldest = 44, newest = 100)
[LOG] PlaybackSystem::acquireMasterBus         : Setting master channel group format to 6
[LOG] SystemI::createSound                     : filename = Assets\FMOD\BLOOM\Build\Desktop/Master Bank.bank : mode 02010082
[LOG] SystemI::createSound                     : FMOD_NONBLOCKING specified.  Putting into queue to be opened asynchronously!
[LOG] SystemI::createSound                     : setdata soundi = 000000001CF5E188 : node = 000000006E481120
[LOG] SystemI::createSound                     : add node to async list : head = 000000006E4FD0C8.  list count = 0
[LOG] AsyncThread::threadFunc                  : Starting Asynchronous operation on sound 000000001CF5E188
[LOG] SystemI::createSoundInternal             :     Create name='Assets\FMOD\BLOOM\Build\Desktop/Master Bank.bank', mode=0x02010082
[LOG] SystemI::createSoundInternal             :     exinfo->cbsize             = 232
[LOG] SystemI::createSoundInternal             :     exinfo->length             = 10108160
[LOG] SystemI::createSoundInternal             :     exinfo->fileoffset         = 66272
[LOG] SystemI::createSoundInternal             :     exinfo->numsubsounds       = 1
[LOG] SystemI::createSoundInternal             :     exinfo->inclusionlist      = 000000006E481238
[LOG] SystemI::createSoundInternal             :     exinfo->inclusionlistnum   = 1
[LOG] SystemI::createSoundInternal             :     exinfo->suggestedsoundtype = 5
[LOG] SystemI::createSoundInternal             :     exinfo->initialseekpostype = 1
[LOG] SystemI::createSoundInternal             :     Stream 0/1: name='chill canyon -- revisited', format=2, channels=2, frequency=48000, lengthbytes=1276704, lengthpcm=4822434, pcmblocksize=0, loopstart=0, loopend=0, mode=0x00000000, channelmask=0x00000000, channelorder=0, peakvolume=0.821838.
[LOG] AsyncThread::threadFunc                  : Finished Asynchronous operation on sound 000000001CF5E188
[LOG] SoundI::getSubSound                      : sound 000000001CF5E188.  Subsound index 0 / 1
[LOG] SystemI::createSoundInternal             : Create name='', mode=0x02000202
[LOG] SystemI::createSoundInternal             : exinfo->cbsize             = 232
[LOG] SystemI::createSoundInternal             : exinfo->length             = 10108160
[LOG] SystemI::createSoundInternal             : exinfo->fileoffset         = 66272
[LOG] SystemI::createSoundInternal             : exinfo->numsubsounds       = 1
[LOG] SystemI::createSoundInternal             : exinfo->inclusionlist      = 0000000075A8F5FC
[LOG] SystemI::createSoundInternal             : exinfo->inclusionlistnum   = 1
[LOG] SystemI::createSoundInternal             : exinfo->suggestedsoundtype = 5
[LOG] SystemI::createSoundInternal             : exinfo->useropen           = 00007FFC4A8BE310
[LOG] SystemI::createSoundInternal             : exinfo->userclose          = 00007FFC4A8BE2E0
[LOG] SystemI::createSoundInternal             : exinfo->userread           = 00007FFC4A8BE3E0
[LOG] SystemI::createSoundInternal             : exinfo->userseek           = 00007FFC4A8BE490
[LOG] SystemI::createSoundInternal             : exinfo->fileuserdata       = 000000006E759818
[LOG] SystemI::createSoundInternal             : exinfo->initialseekpostype = 1
[LOG] SystemI::DSPCodecPoolRegister            : register codec pool for pool type 5
[LOG] SystemI::createSoundInternal             : Sample 0/1: name='CACTUS_DASH', format=2, channels=2, frequency=48000, lengthbytes=3264, lengthpcm=11077, pcmblocksize=0, loopstart=0, loopend=0, mode=0x00000000, channelmask=0x00000000, channelorder=0, peakvolume=0.986176.
[LOG] SystemI::createSoundInternal             : Create name='', mode=0x02000202
[LOG] SystemI::createSoundInternal             : exinfo->cbsize             = 232
[LOG] SystemI::createSoundInternal             : exinfo->length             = 10108160
[LOG] SystemI::createSoundInternal             : exinfo->fileoffset         = 66272
[LOG] SystemI::createSoundInternal             : exinfo->numsubsounds       = 1
[LOG] SystemI::createSoundInternal             : exinfo->inclusionlist      = 0000000075A8F5FC
[LOG] SystemI::createSoundInternal             : exinfo->inclusionlistnum   = 1
[LOG] SystemI::createSoundInternal             : exinfo->suggestedsoundtype = 5
[LOG] SystemI::createSoundInternal             : exinfo->useropen           = 00007FFC4A8BE310
[LOG] SystemI::createSoundInternal             : exinfo->userclose          = 00007FFC4A8BE2E0
[LOG] SystemI::createSoundInternal             : exinfo->userread           = 00007FFC4A8BE3E0
[LOG] SystemI::createSoundInternal             : exinfo->userseek           = 00007FFC4A8BE490
[LOG] SystemI::createSoundInternal             : exinfo->fileuserdata       = 000000006E759818
[LOG] SystemI::createSoundInternal             : exinfo->initialseekpostype = 1
[LOG] SystemI::DSPCodecPoolRegister            : register codec pool for pool type 5
[LOG] SystemI::createSoundInternal             : Sample 0/1: name='FLEUR_TOMBE_EAU', format=2, channels=2, frequency=48000, lengthbytes=3936, lengthpcm=8538, pcmblocksize=0, loopstart=0, loopend=0, mode=0x00000000, channelmask=0x00000000, channelorder=0, peakvolume=0.923065.
[LOG] SystemI::createSoundInternal             : Create name='', mode=0x02000202
[LOG] SystemI::createSoundInternal             : exinfo->cbsize             = 232
[LOG] SystemI::createSoundInternal             : exinfo->length             = 10108160
[LOG] SystemI::createSoundInternal             : exinfo->fileoffset         = 66272
[LOG] SystemI::createSoundInternal             : exinfo->numsubsounds       = 1
[LOG] SystemI::createSoundInternal             : exinfo->inclusionlist      = 0000000075A8F5FC
[LOG] SystemI::createSoundInternal             : exinfo->inclusionlistnum   = 1
[LOG] SystemI::createSoundInternal             : exinfo->suggestedsoundtype = 5
[LOG] SystemI::createSoundInternal             : exinfo->useropen           = 00007FFC4A8BE310
[LOG] SystemI::createSoundInternal             : exinfo->userclose          = 00007FFC4A8BE2E0
[LOG] SystemI::createSoundInternal             : exinfo->userread           = 00007FFC4A8BE3E0
[LOG] SystemI::createSoundInternal             : exinfo->userseek           = 00007FFC4A8BE490
[LOG] SystemI::createSoundInternal             : exinfo->fileuserdata       = 000000006E759818
[LOG] SystemI::createSoundInternal             : exinfo->initialseekpostype = 1
[LOG] SystemI::DSPCodecPoolRegister            : register codec pool for pool type 5
[LOG] SystemI::createSoundInternal             : Sample 0/1: name='JET_BULLE', format=2, channels=2, frequency=48000, lengthbytes=2336, lengthpcm=14768, pcmblocksize=0, loopstart=0, loopend=0, mode=0x00000000, channelmask=0x00000000, channelorder=0, peakvolume=0.967468.
[LOG] SystemI::createSoundInternal             : Create name='', mode=0x02000202
[LOG] SystemI::createSoundInternal             : exinfo->cbsize             = 232
[LOG] SystemI::createSoundInternal             : exinfo->length             = 10108160
[LOG] SystemI::createSoundInternal             : exinfo->fileoffset         = 66272
[LOG] SystemI::createSoundInternal             : exinfo->numsubsounds       = 1
[LOG] SystemI::createSoundInternal             : exinfo->inclusionlist      = 0000000075A8F5FC
[LOG] SystemI::createSoundInternal             : exinfo->inclusionlistnum   = 1
[LOG] SystemI::createSoundInternal             : exinfo->suggestedsoundtype = 5
[LOG] SystemI::createSoundInternal             : exinfo->useropen           = 00007FFC4A8BE310
[LOG] SystemI::createSoundInternal             : exinfo->userclose          = 00007FFC4A8BE2E0
[LOG] SystemI::createSoundInternal             : exinfo->userread           = 00007FFC4A8BE3E0
[LOG] SystemI::createSoundInternal             : exinfo->userseek           = 00007FFC4A8BE490
[LOG] SystemI::createSoundInternal             : exinfo->fileuserdata       = 000000006E759818
[LOG] SystemI::createSoundInternal             : exinfo->initialseekpostype = 1
[LOG] SystemI::DSPCodecPoolRegister            : register codec pool for pool type 5
[LOG] SystemI::createSoundInternal             : Sample 0/1: name='fleur_deau_eclos', format=2, channels=2, frequency=48000, lengthbytes=11680, lengthpcm=58846, pcmblocksize=0, loopstart=0, loopend=0, mode=0x00000000, channelmask=0x00000000, channelorder=0, peakvolume=0.985840.
[LOG] SystemI::createSoundInternal             : Create name='', mode=0x02000202
[LOG] SystemI::createSoundInternal             : exinfo->cbsize             = 232
[LOG] SystemI::createSoundInternal             : exinfo->length             = 10108160
[LOG] SystemI::createSoundInternal             : exinfo->fileoffset         = 66272
[LOG] SystemI::createSoundInternal             : exinfo->numsubsounds       = 1
[LOG] SystemI::createSoundInternal             : exinfo->inclusionlist      = 0000000075A8F5FC
[LOG] SystemI::createSoundInternal             : exinfo->inclusionlistnum   = 1
[LOG] SystemI::createSoundInternal             : exinfo->suggestedsoundtype = 5
[LOG] SystemI::createSoundInternal             : exinfo->useropen           = 00007FFC4A8BE310
[LOG] SystemI::createSoundInternal             : exinfo->userclose          = 00007FFC4A8BE2E0
[LOG] SystemI::createSoundInternal             : exinfo->userread           = 00007FFC4A8BE3E0
[LOG] SystemI::createSoundInternal             : exinfo->userseek           = 00007FFC4A8BE490
[LOG] SystemI::createSoundInternal             : exinfo->fileuserdata       = 000000006E759818
[LOG] SystemI::createSoundInternal             : exinfo->initialseekpostype = 1
[LOG] SystemI::DSPCodecPoolRegister            : register codec pool for pool type 5
[LOG] SystemI::createSoundInternal             : Sample 0/1: name='fleur_prends_feu', format=2, channels=2, frequency=48000, lengthbytes=34816, lengthpcm=133153, pcmblocksize=0, loopstart=0, loopend=0, mode=0x00000000, channelmask=0x00000000, channelorder=0, peakvolume=0.386627.
[LOG] SystemI::createSoundInternal             : Create name='', mode=0x02000202
[LOG] SystemI::createSoundInternal             : exinfo->cbsize             = 232
[LOG] SystemI::createSoundInternal             : exinfo->length             = 10108160
[LOG] SystemI::createSoundInternal             : exinfo->fileoffset         = 66272
[LOG] SystemI::createSoundInternal             : exinfo->numsubsounds       = 1
[LOG] SystemI::createSoundInternal             : exinfo->inclusionlist      = 0000000075A8F5FC
[LOG] SystemI::createSoundInternal             : exinfo->inclusionlistnum   = 1
[LOG] SystemI::createSoundInternal             : exinfo->suggestedsoundtype = 5
[LOG] SystemI::createSoundInternal             : exinfo->useropen           = 00007FFC4A8BE310
[LOG] SystemI::createSoundInternal             : exinfo->userclose          = 00007FFC4A8BE2E0
[LOG] SystemI::createSoundInternal             : exinfo->userread           = 00007FFC4A8BE3E0
[LOG] SystemI::createSoundInternal             : exinfo->userseek           = 00007FFC4A8BE490
[LOG] SystemI::createSoundInternal             : exinfo->fileuserdata       = 000000006E759818
[LOG] SystemI::createSoundInternal             : exinfo->initialseekpostype = 1
[LOG] SystemI::DSPCodecPoolRegister            : register codec pool for pool type 5
[LOG] SystemI::createSoundInternal             : Sample 0/1: name='fleur_court_feu', format=2, channels=2, frequency=48000, lengthbytes=25056, lengthpcm=116538, pcmblocksize=0, loopstart=0, loopend=0, mode=0x00000000, channelmask=0x00000000, channelorder=0, peakvolume=0.396301.
[LOG] SystemI::createSoundInternal             : Create name='', mode=0x02000202
[LOG] SystemI::createSoundInternal             : exinfo->cbsize             = 232
[LOG] SystemI::createSoundInternal             : exinfo->length             = 10108160
[LOG] SystemI::createSoundInternal             : exinfo->fileoffset         = 66272
[LOG] SystemI::createSoundInternal             : exinfo->numsubsounds       = 1
[LOG] SystemI::createSoundInternal             : exinfo->inclusionlist      = 0000000075A8F5FC
[LOG] SystemI::createSoundInternal             : exinfo->inclusionlistnum   = 1
[LOG] SystemI::createSoundInternal             : exinfo->suggestedsoundtype = 5
[LOG] SystemI::createSoundInternal             : exinfo->useropen           = 00007FFC4A8BE310
[LOG] SystemI::createSoundInternal             : exinfo->userclose          = 00007FFC4A8BE2E0
[LOG] SystemI::createSoundInternal             : exinfo->userread           = 00007FFC4A8BE3E0
[LOG] SystemI::createSoundInternal             : exinfo->userseek           = 00007FFC4A8BE490
[LOG] SystemI::createSoundInternal             : exinfo->fileuserdata       = 000000006E759E78
[LOG] SystemI::createSoundInternal             : exinfo->initialseekpostype = 1
[LOG] SystemI::DSPCodecPoolRegister            : register codec pool for pool type 5
[LOG] SystemI::createSoundInternal             : Sample 0/1: name='ronce_feu', format=2, channels=2, frequency=48000, lengthbytes=72192, lengthpcm=244845, pcmblocksize=0, loopstart=0, loopend=0, mode=0x00000000, channelmask=0x00000000, channelorder=0, peakvolume=0.987152.
[LOG] SystemI::createSound                     : filename = Assets\FMOD\BLOOM\Build\Desktop/Master Bank.bank : mode 02010082
[LOG] SystemI::createSound                     : FMOD_NONBLOCKING specified.  Putting into queue to be opened asynchronously!
[LOG] SystemI::createSound                     : setdata soundi = 000000001CF5D918 : node = 000000006E480550
[LOG] SystemI::createSound                     : add node to async list : head = 000000006E4FD0C8.  list count = 0
[LOG] AsyncThread::threadFunc                  : Starting Asynchronous operation on sound 000000001CF5D918
[LOG] SystemI::createSoundInternal             :     Create name='Assets\FMOD\BLOOM\Build\Desktop/Master Bank.bank', mode=0x02010082
[LOG] SystemI::createSoundInternal             :     exinfo->cbsize             = 232
[LOG] SystemI::createSoundInternal             :     exinfo->length             = 10108160
[LOG] SystemI::createSoundInternal             :     exinfo->fileoffset         = 66272
[LOG] SystemI::createSoundInternal             :     exinfo->numsubsounds       = 1
[LOG] SystemI::createSoundInternal             :     exinfo->inclusionlist      = 000000006E480668
[LOG] SystemI::createSoundInternal             :     exinfo->inclusionlistnum   = 1
[LOG] SystemI::createSoundInternal             :     exinfo->suggestedsoundtype = 5
[LOG] SystemI::createSoundInternal             :     exinfo->initialseekpostype = 1
[LOG] SystemI::createSoundInternal             :     Stream 0/1: name='FINAL_FIGHT', format=2, channels=2, frequency=48000, lengthbytes=731552, lengthpcm=2792710, pcmblocksize=0, loopstart=0, loopend=2775901, mode=0x00000000, channelmask=0x00000000, channelorder=0, peakvolume=0.975647.
[LOG] AsyncThread::threadFunc                  : Finished Asynchronous operation on sound 000000001CF5D918
[LOG] SoundI::getSubSound                      : sound 000000001CF5D918.  Subsound index 0 / 1
[LOG] SoundI::getSubSound                      : starting non blocking seek and setting sound to not ready state
[LOG] SoundI::getSubSound                      : finished preparing nonblocking getSubSound seek
[LOG] AsyncThread::threadFunc                  : Starting Asynchronous operation on sound 000000006E4973D8
[LOG] AsyncThread::threadFunc                  :     done setposition
[LOG] AsyncThread::threadFunc                  :     done flush
[LOG] AsyncThread::threadFunc                  : Finished Asynchronous operation on sound 000000006E4973D8
[LOG] SoundI::release                          : chill canyon -- revisited (000000001CF5E188)
[LOG] SoundI::release                          :     chill canyon -- revisited (000000006E6CEDE8)
[LOG] SoundI::release                          :     chill canyon -- revisited (000000001CF5D408)
[LOG] SystemI::createSoundInternal             : Create name='', mode=0x02000202
[LOG] SystemI::createSoundInternal             : exinfo->cbsize             = 232
[LOG] SystemI::createSoundInternal             : exinfo->length             = 10108160
[LOG] SystemI::createSoundInternal             : exinfo->fileoffset         = 66272
[LOG] SystemI::createSoundInternal             : exinfo->numsubsounds       = 1
[LOG] SystemI::createSoundInternal             : exinfo->inclusionlist      = 0000000075A8F5FC
[LOG] SystemI::createSoundInternal             : exinfo->inclusionlistnum   = 1
[LOG] SystemI::createSoundInternal             : exinfo->suggestedsoundtype = 5
[LOG] SystemI::createSoundInternal             : exinfo->useropen           = 00007FFC4A8BE310
[LOG] SystemI::createSoundInternal             : exinfo->userclose          = 00007FFC4A8BE2E0
[LOG] SystemI::createSoundInternal             : exinfo->userread           = 00007FFC4A8BE3E0
[LOG] SystemI::createSoundInternal             : exinfo->userseek           = 00007FFC4A8BE490
[LOG] SystemI::createSoundInternal             : exinfo->fileuserdata       = 000000004A818EE8
[LOG] SystemI::createSoundInternal             : exinfo->initialseekpostype = 1
[LOG] SystemI::DSPCodecPoolRegister            : register codec pool for pool type 5
[LOG] SystemI::createSoundInternal             : Sample 0/1: name='BOSS_ATTACK', format=2, channels=2, frequency=48000, lengthbytes=20160, lengthpcm=88845, pcmblocksize=0, loopstart=0, loopend=0, mode=0x00000000, channelmask=0x00000000, channelorder=0, peakvolume=0.988708.
[LOG] SoundI::release                          : FINAL_FIGHT (000000001CF5D918)
[LOG] SoundI::release                          :     FINAL_FIGHT (000000006E4FD798)
[LOG] SoundI::release                          :     FINAL_FIGHT (000000006E4973D8)
[LOG] SoundI::release                          :  (000000006E699648)
[LOG] SoundI::release                          :     FLEUR_TOMBE_EAU (000000006E6CD728)
[LOG] SoundI::release                          :  (000000006E699928)
[LOG] SoundI::release                          :     JET_BULLE (000000006E4FD118)
[LOG] SoundI::release                          :  (000000006E697F48)
[LOG] SoundI::release                          :     fleur_deau_eclos (000000006E4FC8F8)
[LOG] SoundI::release                          :  (000000006E599118)
[LOG] SoundI::release                          :     CACTUS_DASH (000000006E6CD588)
[LOG] SoundI::release                          :  (000000006E697DD8)
[LOG] SoundI::release                          :     fleur_prends_feu (000000006E4FCA98)
[LOG] SoundI::release                          :  (000000006E698DA8)
[LOG] SoundI::release                          :     fleur_court_feu (000000006E4FD2B8)
[LOG] SoundI::release                          :  (000000006E698F18)
[LOG] SoundI::release                          :     ronce_feu (000000006E4FDAD8)
[LOG] SoundI::release                          :  (000000006E6980B8)
[LOG] SoundI::release                          :     BOSS_ATTACK (000000006E4FD938)
[LOG] Thread::callback                         : FMOD Studio update thread finished.
[LOG] Thread::callback                         : FMOD Studio bank load thread finished.
[LOG] Thread::callback                         : FMOD Studio sample load thread finished.
[LOG] LiveUpdate::release                      : 
[LOG] LiveUpdate::reset                        : Reset connection (reason Disconnected)
[LOG] Thread::callback                         : FMOD stream thread finished.
[LOG] Thread::callback                         : FMOD mixer thread finished.
[LOG] SystemI::close                           : Closed.
